{"C:\\code\\estudos\\Senac\\2024-02\\Desenvolvimento de Serviços e APIs\\express-api-modelo\\src\\main.ts": {"path":"C:\\code\\estudos\\Senac\\2024-02\\Desenvolvimento de Serviços e APIs\\express-api-modelo\\src\\main.ts","all":true,"statementMap":{"0":{"start":{"line":1,"column":0},"end":{"line":1,"column":29}},"1":{"start":{"line":2,"column":0},"end":{"line":2,"column":23}},"3":{"start":{"line":4,"column":0},"end":{"line":4,"column":49}},"4":{"start":{"line":5,"column":0},"end":{"line":5,"column":40}},"5":{"start":{"line":6,"column":0},"end":{"line":6,"column":50}},"7":{"start":{"line":8,"column":0},"end":{"line":8,"column":22}},"9":{"start":{"line":10,"column":0},"end":{"line":10,"column":25}},"10":{"start":{"line":11,"column":0},"end":{"line":11,"column":15}},"11":{"start":{"line":12,"column":0},"end":{"line":12,"column":25}},"13":{"start":{"line":14,"column":0},"end":{"line":14,"column":36}},"14":{"start":{"line":15,"column":0},"end":{"line":15,"column":54}},"15":{"start":{"line":16,"column":0},"end":{"line":16,"column":2}}},"s":{"0":0,"1":0,"3":0,"4":0,"5":0,"7":0,"9":0,"10":0,"11":0,"13":0,"14":0,"15":0},"branchMap":{"0":{"type":"branch","line":1,"loc":{"start":{"line":1,"column":400},"end":{"line":16,"column":2}},"locations":[{"start":{"line":1,"column":400},"end":{"line":16,"column":2}}]}},"b":{"0":[0]},"fnMap":{"0":{"name":"(empty-report)","decl":{"start":{"line":1,"column":400},"end":{"line":16,"column":2}},"loc":{"start":{"line":1,"column":400},"end":{"line":16,"column":2}},"line":1}},"f":{"0":0}}
,"C:\\code\\estudos\\Senac\\2024-02\\Desenvolvimento de Serviços e APIs\\express-api-modelo\\src\\domain\\dto\\Product.dto.ts": {"path":"C:\\code\\estudos\\Senac\\2024-02\\Desenvolvimento de Serviços e APIs\\express-api-modelo\\src\\domain\\dto\\Product.dto.ts","all":true,"statementMap":{"0":{"start":{"line":1,"column":0},"end":{"line":1,"column":0}},"1":{"start":{"line":2,"column":0},"end":{"line":2,"column":64}},"3":{"start":{"line":4,"column":0},"end":{"line":4,"column":31}},"4":{"start":{"line":5,"column":0},"end":{"line":5,"column":13}},"5":{"start":{"line":6,"column":0},"end":{"line":6,"column":14}},"7":{"start":{"line":8,"column":0},"end":{"line":8,"column":13}},"8":{"start":{"line":9,"column":0},"end":{"line":9,"column":15}},"9":{"start":{"line":10,"column":0},"end":{"line":10,"column":15}},"11":{"start":{"line":12,"column":0},"end":{"line":12,"column":13}},"12":{"start":{"line":13,"column":0},"end":{"line":13,"column":18}},"13":{"start":{"line":14,"column":0},"end":{"line":14,"column":1}},"15":{"start":{"line":16,"column":0},"end":{"line":16,"column":27}},"18":{"start":{"line":19,"column":0},"end":{"line":19,"column":1}}},"s":{"0":0,"1":0,"3":0,"4":0,"5":0,"7":0,"8":0,"9":0,"11":0,"12":0,"13":0,"15":0,"18":0},"branchMap":{"0":{"type":"branch","line":1,"loc":{"start":{"line":1,"column":295},"end":{"line":19,"column":1}},"locations":[{"start":{"line":1,"column":295},"end":{"line":19,"column":1}}]}},"b":{"0":[0]},"fnMap":{"0":{"name":"(empty-report)","decl":{"start":{"line":1,"column":295},"end":{"line":19,"column":1}},"loc":{"start":{"line":1,"column":295},"end":{"line":19,"column":1}},"line":1}},"f":{"0":0}}
,"C:\\code\\estudos\\Senac\\2024-02\\Desenvolvimento de Serviços e APIs\\express-api-modelo\\src\\domain\\entities\\Database.ts": {"path":"C:\\code\\estudos\\Senac\\2024-02\\Desenvolvimento de Serviços e APIs\\express-api-modelo\\src\\domain\\entities\\Database.ts","all":true,"statementMap":{},"s":{},"branchMap":{"0":{"type":"branch","line":1,"loc":{"start":{"line":1,"column":142},"end":{"line":8,"column":1}},"locations":[{"start":{"line":1,"column":142},"end":{"line":8,"column":1}}]}},"b":{"0":[1]},"fnMap":{"0":{"name":"(empty-report)","decl":{"start":{"line":1,"column":142},"end":{"line":8,"column":1}},"loc":{"start":{"line":1,"column":142},"end":{"line":8,"column":1}},"line":1}},"f":{"0":1}}
,"C:\\code\\estudos\\Senac\\2024-02\\Desenvolvimento de Serviços e APIs\\express-api-modelo\\src\\domain\\entities\\Product.ts": {"path":"C:\\code\\estudos\\Senac\\2024-02\\Desenvolvimento de Serviços e APIs\\express-api-modelo\\src\\domain\\entities\\Product.ts","all":true,"statementMap":{},"s":{},"branchMap":{"0":{"type":"branch","line":1,"loc":{"start":{"line":1,"column":102},"end":{"line":6,"column":1}},"locations":[{"start":{"line":1,"column":102},"end":{"line":6,"column":1}}]}},"b":{"0":[1]},"fnMap":{"0":{"name":"(empty-report)","decl":{"start":{"line":1,"column":102},"end":{"line":6,"column":1}},"loc":{"start":{"line":1,"column":102},"end":{"line":6,"column":1}},"line":1}},"f":{"0":1}}
,"C:\\code\\estudos\\Senac\\2024-02\\Desenvolvimento de Serviços e APIs\\express-api-modelo\\src\\domain\\middleware\\product.validation.ts": {"path":"C:\\code\\estudos\\Senac\\2024-02\\Desenvolvimento de Serviços e APIs\\express-api-modelo\\src\\domain\\middleware\\product.validation.ts","all":true,"statementMap":{"0":{"start":{"line":1,"column":0},"end":{"line":1,"column":55}},"2":{"start":{"line":3,"column":0},"end":{"line":3,"column":51}},"3":{"start":{"line":4,"column":0},"end":{"line":4,"column":54}},"5":{"start":{"line":6,"column":0},"end":{"line":6,"column":95}},"6":{"start":{"line":7,"column":0},"end":{"line":7,"column":7}},"7":{"start":{"line":8,"column":0},"end":{"line":8,"column":48}},"8":{"start":{"line":9,"column":0},"end":{"line":9,"column":37}},"9":{"start":{"line":10,"column":0},"end":{"line":10,"column":6}},"11":{"start":{"line":12,"column":0},"end":{"line":12,"column":42}},"13":{"start":{"line":14,"column":0},"end":{"line":14,"column":28}},"14":{"start":{"line":15,"column":0},"end":{"line":15,"column":34}},"15":{"start":{"line":16,"column":0},"end":{"line":16,"column":28}},"16":{"start":{"line":17,"column":0},"end":{"line":17,"column":26}},"17":{"start":{"line":18,"column":0},"end":{"line":18,"column":6}},"19":{"start":{"line":20,"column":0},"end":{"line":20,"column":35}},"21":{"start":{"line":22,"column":0},"end":{"line":22,"column":10}},"22":{"start":{"line":23,"column":0},"end":{"line":23,"column":24}},"23":{"start":{"line":24,"column":0},"end":{"line":24,"column":33}},"24":{"start":{"line":25,"column":0},"end":{"line":25,"column":53}},"25":{"start":{"line":26,"column":0},"end":{"line":26,"column":6}},"26":{"start":{"line":27,"column":0},"end":{"line":27,"column":3}},"28":{"start":{"line":29,"column":0},"end":{"line":29,"column":1}}},"s":{"0":0,"2":0,"3":0,"5":0,"6":0,"7":0,"8":0,"9":0,"11":0,"13":0,"14":0,"15":0,"16":0,"17":0,"19":0,"21":0,"22":0,"23":0,"24":0,"25":0,"26":0,"28":0},"branchMap":{"0":{"type":"branch","line":1,"loc":{"start":{"line":1,"column":796},"end":{"line":29,"column":1}},"locations":[{"start":{"line":1,"column":796},"end":{"line":29,"column":1}}]}},"b":{"0":[0]},"fnMap":{"0":{"name":"(empty-report)","decl":{"start":{"line":1,"column":796},"end":{"line":29,"column":1}},"loc":{"start":{"line":1,"column":796},"end":{"line":29,"column":1}},"line":1}},"f":{"0":0}}
,"C:\\code\\estudos\\Senac\\2024-02\\Desenvolvimento de Serviços e APIs\\express-api-modelo\\src\\domain\\models\\HttpException.ts": {"path":"C:\\code\\estudos\\Senac\\2024-02\\Desenvolvimento de Serviços e APIs\\express-api-modelo\\src\\domain\\models\\HttpException.ts","all":false,"statementMap":{"0":{"start":{"line":1,"column":0},"end":{"line":1,"column":28}},"1":{"start":{"line":2,"column":0},"end":{"line":2,"column":15}},"2":{"start":{"line":3,"column":0},"end":{"line":3,"column":26}},"3":{"start":{"line":4,"column":0},"end":{"line":4,"column":26}},"4":{"start":{"line":5,"column":0},"end":{"line":5,"column":6}},"5":{"start":{"line":6,"column":0},"end":{"line":6,"column":1}}},"s":{"0":1,"1":1,"2":1,"3":1,"4":1,"5":1},"branchMap":{"0":{"type":"branch","line":2,"loc":{"start":{"line":2,"column":2},"end":{"line":5,"column":6}},"locations":[{"start":{"line":2,"column":2},"end":{"line":5,"column":6}}]}},"b":{"0":[1]},"fnMap":{"0":{"name":"HttpException","decl":{"start":{"line":2,"column":2},"end":{"line":5,"column":6}},"loc":{"start":{"line":2,"column":2},"end":{"line":5,"column":6}},"line":2}},"f":{"0":1}}
,"C:\\code\\estudos\\Senac\\2024-02\\Desenvolvimento de Serviços e APIs\\express-api-modelo\\src\\domain\\repositories\\product\\IProductRepository.ts": {"path":"C:\\code\\estudos\\Senac\\2024-02\\Desenvolvimento de Serviços e APIs\\express-api-modelo\\src\\domain\\repositories\\product\\IProductRepository.ts","all":true,"statementMap":{},"s":{},"branchMap":{"0":{"type":"branch","line":1,"loc":{"start":{"line":1,"column":457},"end":{"line":11,"column":1}},"locations":[{"start":{"line":1,"column":457},"end":{"line":11,"column":1}}]}},"b":{"0":[1]},"fnMap":{"0":{"name":"(empty-report)","decl":{"start":{"line":1,"column":457},"end":{"line":11,"column":1}},"loc":{"start":{"line":1,"column":457},"end":{"line":11,"column":1}},"line":1}},"f":{"0":1}}
,"C:\\code\\estudos\\Senac\\2024-02\\Desenvolvimento de Serviços e APIs\\express-api-modelo\\src\\domain\\repositories\\product\\ProductRepository.ts": {"path":"C:\\code\\estudos\\Senac\\2024-02\\Desenvolvimento de Serviços e APIs\\express-api-modelo\\src\\domain\\repositories\\product\\ProductRepository.ts","all":false,"statementMap":{"0":{"start":{"line":1,"column":0},"end":{"line":1,"column":54}},"4":{"start":{"line":5,"column":0},"end":{"line":5,"column":62}},"6":{"start":{"line":7,"column":0},"end":{"line":7,"column":62}},"7":{"start":{"line":8,"column":0},"end":{"line":8,"column":45}},"9":{"start":{"line":10,"column":0},"end":{"line":10,"column":61}},"10":{"start":{"line":11,"column":0},"end":{"line":11,"column":47}},"12":{"start":{"line":13,"column":0},"end":{"line":13,"column":35}},"13":{"start":{"line":14,"column":0},"end":{"line":14,"column":17}},"14":{"start":{"line":15,"column":0},"end":{"line":15,"column":13}},"15":{"start":{"line":16,"column":0},"end":{"line":16,"column":5}},"17":{"start":{"line":18,"column":0},"end":{"line":18,"column":43}},"18":{"start":{"line":19,"column":0},"end":{"line":19,"column":36}},"19":{"start":{"line":20,"column":0},"end":{"line":20,"column":29}},"20":{"start":{"line":21,"column":0},"end":{"line":21,"column":3}},"22":{"start":{"line":23,"column":0},"end":{"line":23,"column":66}},"23":{"start":{"line":24,"column":0},"end":{"line":24,"column":60}},"24":{"start":{"line":25,"column":0},"end":{"line":25,"column":52}},"25":{"start":{"line":26,"column":0},"end":{"line":26,"column":44}},"27":{"start":{"line":28,"column":0},"end":{"line":28,"column":128}},"29":{"start":{"line":30,"column":0},"end":{"line":30,"column":74}},"30":{"start":{"line":31,"column":0},"end":{"line":31,"column":70}},"31":{"start":{"line":32,"column":0},"end":{"line":32,"column":21}},"32":{"start":{"line":33,"column":0},"end":{"line":33,"column":9}},"33":{"start":{"line":34,"column":0},"end":{"line":34,"column":7}},"34":{"start":{"line":35,"column":0},"end":{"line":35,"column":3}},"36":{"start":{"line":37,"column":0},"end":{"line":37,"column":66}},"37":{"start":{"line":38,"column":0},"end":{"line":38,"column":81}},"39":{"start":{"line":40,"column":0},"end":{"line":40,"column":17}},"40":{"start":{"line":41,"column":0},"end":{"line":41,"column":3}},"42":{"start":{"line":43,"column":0},"end":{"line":43,"column":29}},"43":{"start":{"line":44,"column":0},"end":{"line":44,"column":98}},"44":{"start":{"line":45,"column":0},"end":{"line":45,"column":91}},"46":{"start":{"line":47,"column":0},"end":{"line":47,"column":49}},"47":{"start":{"line":48,"column":0},"end":{"line":48,"column":3}},"49":{"start":{"line":50,"column":0},"end":{"line":50,"column":56}},"50":{"start":{"line":51,"column":0},"end":{"line":51,"column":38}},"51":{"start":{"line":52,"column":0},"end":{"line":52,"column":12}},"52":{"start":{"line":53,"column":0},"end":{"line":53,"column":10}},"53":{"start":{"line":54,"column":0},"end":{"line":54,"column":39}},"55":{"start":{"line":56,"column":0},"end":{"line":56,"column":47}},"56":{"start":{"line":57,"column":0},"end":{"line":57,"column":10}},"57":{"start":{"line":58,"column":0},"end":{"line":58,"column":25}},"58":{"start":{"line":59,"column":0},"end":{"line":59,"column":5}},"61":{"start":{"line":62,"column":0},"end":{"line":62,"column":66}},"62":{"start":{"line":63,"column":0},"end":{"line":63,"column":35}},"63":{"start":{"line":64,"column":0},"end":{"line":64,"column":12}},"64":{"start":{"line":65,"column":0},"end":{"line":65,"column":21}},"65":{"start":{"line":66,"column":0},"end":{"line":66,"column":24}},"66":{"start":{"line":67,"column":0},"end":{"line":67,"column":10}},"67":{"start":{"line":68,"column":0},"end":{"line":68,"column":18}},"68":{"start":{"line":69,"column":0},"end":{"line":69,"column":5}},"69":{"start":{"line":70,"column":0},"end":{"line":70,"column":3}},"70":{"start":{"line":71,"column":0},"end":{"line":71,"column":1}}},"s":{"0":1,"4":1,"6":1,"7":1,"9":1,"10":1,"12":1,"13":1,"14":1,"15":1,"17":1,"18":1,"19":1,"20":1,"22":1,"23":8,"24":15,"25":15,"27":15,"29":15,"30":15,"31":5,"32":15,"33":8,"34":8,"36":1,"37":3,"39":3,"40":3,"42":1,"43":1,"44":1,"46":1,"47":1,"49":1,"50":2,"51":2,"52":2,"53":2,"55":2,"56":1,"57":1,"58":1,"61":1,"62":1,"63":1,"64":1,"65":1,"66":1,"67":1,"68":1,"69":2,"70":1},"branchMap":{"0":{"type":"branch","line":8,"loc":{"start":{"line":8,"column":2},"end":{"line":8,"column":45}},"locations":[{"start":{"line":8,"column":2},"end":{"line":8,"column":45}}]},"1":{"type":"branch","line":10,"loc":{"start":{"line":10,"column":2},"end":{"line":21,"column":3}},"locations":[{"start":{"line":10,"column":2},"end":{"line":21,"column":3}}]},"2":{"type":"branch","line":23,"loc":{"start":{"line":23,"column":2},"end":{"line":35,"column":3}},"locations":[{"start":{"line":23,"column":2},"end":{"line":35,"column":3}}]},"3":{"type":"branch","line":24,"loc":{"start":{"line":24,"column":48},"end":{"line":33,"column":9}},"locations":[{"start":{"line":24,"column":48},"end":{"line":33,"column":9}}]},"4":{"type":"branch","line":25,"loc":{"start":{"line":25,"column":37},"end":{"line":25,"column":52}},"locations":[{"start":{"line":25,"column":37},"end":{"line":25,"column":52}}]},"5":{"type":"branch","line":26,"loc":{"start":{"line":26,"column":33},"end":{"line":26,"column":44}},"locations":[{"start":{"line":26,"column":33},"end":{"line":26,"column":44}}]},"6":{"type":"branch","line":28,"loc":{"start":{"line":28,"column":14},"end":{"line":28,"column":48}},"locations":[{"start":{"line":28,"column":14},"end":{"line":28,"column":48}}]},"7":{"type":"branch","line":28,"loc":{"start":{"line":28,"column":48},"end":{"line":28,"column":128}},"locations":[{"start":{"line":28,"column":48},"end":{"line":28,"column":128}}]},"8":{"type":"branch","line":28,"loc":{"start":{"line":28,"column":127},"end":{"line":30,"column":39}},"locations":[{"start":{"line":28,"column":127},"end":{"line":30,"column":39}}]},"9":{"type":"branch","line":30,"loc":{"start":{"line":30,"column":32},"end":{"line":30,"column":74}},"locations":[{"start":{"line":30,"column":32},"end":{"line":30,"column":74}}]},"10":{"type":"branch","line":30,"loc":{"start":{"line":30,"column":66},"end":{"line":31,"column":36}},"locations":[{"start":{"line":30,"column":66},"end":{"line":31,"column":36}}]},"11":{"type":"branch","line":31,"loc":{"start":{"line":31,"column":28},"end":{"line":31,"column":70}},"locations":[{"start":{"line":31,"column":28},"end":{"line":31,"column":70}}]},"12":{"type":"branch","line":31,"loc":{"start":{"line":31,"column":69},"end":{"line":32,"column":21}},"locations":[{"start":{"line":31,"column":69},"end":{"line":32,"column":21}}]},"13":{"type":"branch","line":37,"loc":{"start":{"line":37,"column":2},"end":{"line":41,"column":3}},"locations":[{"start":{"line":37,"column":2},"end":{"line":41,"column":3}}]},"14":{"type":"branch","line":38,"loc":{"start":{"line":38,"column":52},"end":{"line":38,"column":80}},"locations":[{"start":{"line":38,"column":52},"end":{"line":38,"column":80}}]},"15":{"type":"branch","line":43,"loc":{"start":{"line":43,"column":2},"end":{"line":48,"column":3}},"locations":[{"start":{"line":43,"column":2},"end":{"line":48,"column":3}}]},"16":{"type":"branch","line":44,"loc":{"start":{"line":44,"column":69},"end":{"line":44,"column":97}},"locations":[{"start":{"line":44,"column":69},"end":{"line":44,"column":97}}]},"17":{"type":"branch","line":50,"loc":{"start":{"line":50,"column":2},"end":{"line":70,"column":3}},"locations":[{"start":{"line":50,"column":2},"end":{"line":70,"column":3}}]},"18":{"type":"branch","line":56,"loc":{"start":{"line":56,"column":23},"end":{"line":69,"column":5}},"locations":[{"start":{"line":56,"column":23},"end":{"line":69,"column":5}}]},"19":{"type":"branch","line":54,"loc":{"start":{"line":54,"column":10},"end":{"line":54,"column":38}},"locations":[{"start":{"line":54,"column":10},"end":{"line":54,"column":38}}]},"20":{"type":"branch","line":63,"loc":{"start":{"line":63,"column":6},"end":{"line":68,"column":18}},"locations":[{"start":{"line":63,"column":6},"end":{"line":68,"column":18}}]},"21":{"type":"branch","line":63,"loc":{"start":{"line":63,"column":32},"end":{"line":67,"column":10}},"locations":[{"start":{"line":63,"column":32},"end":{"line":67,"column":10}}]},"22":{"type":"branch","line":67,"loc":{"start":{"line":67,"column":8},"end":{"line":68,"column":18}},"locations":[{"start":{"line":67,"column":8},"end":{"line":68,"column":18}}]}},"b":{"0":[1],"1":[1],"2":[8],"3":[15],"4":[10],"5":[10],"6":[6],"7":[2],"8":[13],"9":[4],"10":[9],"11":[4],"12":[5],"13":[3],"14":[4],"15":[1],"16":[2],"17":[2],"18":[1],"19":[4],"20":[2],"21":[1],"22":[1]},"fnMap":{"0":{"name":"ProductRepository","decl":{"start":{"line":8,"column":2},"end":{"line":8,"column":45}},"loc":{"start":{"line":8,"column":2},"end":{"line":8,"column":45}},"line":8},"1":{"name":"create","decl":{"start":{"line":10,"column":2},"end":{"line":21,"column":3}},"loc":{"start":{"line":10,"column":2},"end":{"line":21,"column":3}},"line":10},"2":{"name":"findMany","decl":{"start":{"line":23,"column":2},"end":{"line":35,"column":3}},"loc":{"start":{"line":23,"column":2},"end":{"line":35,"column":3}},"line":23},"3":{"name":"findById","decl":{"start":{"line":37,"column":2},"end":{"line":41,"column":3}},"loc":{"start":{"line":37,"column":2},"end":{"line":41,"column":3}},"line":37},"4":{"name":"delete","decl":{"start":{"line":43,"column":2},"end":{"line":48,"column":3}},"loc":{"start":{"line":43,"column":2},"end":{"line":48,"column":3}},"line":43},"5":{"name":"update","decl":{"start":{"line":50,"column":2},"end":{"line":70,"column":3}},"loc":{"start":{"line":50,"column":2},"end":{"line":70,"column":3}},"line":50}},"f":{"0":1,"1":1,"2":8,"3":3,"4":1,"5":2}}
,"C:\\code\\estudos\\Senac\\2024-02\\Desenvolvimento de Serviços e APIs\\express-api-modelo\\src\\infra\\environment.ts": {"path":"C:\\code\\estudos\\Senac\\2024-02\\Desenvolvimento de Serviços e APIs\\express-api-modelo\\src\\infra\\environment.ts","all":true,"statementMap":{"1":{"start":{"line":2,"column":0},"end":{"line":2,"column":26}},"3":{"start":{"line":4,"column":0},"end":{"line":4,"column":28}},"4":{"start":{"line":5,"column":0},"end":{"line":5,"column":25}},"5":{"start":{"line":6,"column":0},"end":{"line":6,"column":36}},"6":{"start":{"line":7,"column":0},"end":{"line":7,"column":1}}},"s":{"1":0,"3":0,"4":0,"5":0,"6":0},"branchMap":{"0":{"type":"branch","line":1,"loc":{"start":{"line":1,"column":193},"end":{"line":7,"column":1}},"locations":[{"start":{"line":1,"column":193},"end":{"line":7,"column":1}}]}},"b":{"0":[1]},"fnMap":{"0":{"name":"(empty-report)","decl":{"start":{"line":1,"column":193},"end":{"line":7,"column":1}},"loc":{"start":{"line":1,"column":193},"end":{"line":7,"column":1}},"line":1}},"f":{"0":1}}
,"C:\\code\\estudos\\Senac\\2024-02\\Desenvolvimento de Serviços e APIs\\express-api-modelo\\src\\infra\\controllers\\product\\ProductController.ts": {"path":"C:\\code\\estudos\\Senac\\2024-02\\Desenvolvimento de Serviços e APIs\\express-api-modelo\\src\\infra\\controllers\\product\\ProductController.ts","all":true,"statementMap":{"0":{"start":{"line":1,"column":0},"end":{"line":1,"column":55}},"2":{"start":{"line":3,"column":0},"end":{"line":3,"column":62}},"6":{"start":{"line":7,"column":0},"end":{"line":7,"column":32}},"7":{"start":{"line":8,"column":0},"end":{"line":8,"column":15}},"8":{"start":{"line":9,"column":0},"end":{"line":9,"column":49}},"9":{"start":{"line":10,"column":0},"end":{"line":10,"column":6}},"11":{"start":{"line":12,"column":0},"end":{"line":12,"column":46}},"12":{"start":{"line":13,"column":0},"end":{"line":13,"column":49}},"14":{"start":{"line":15,"column":0},"end":{"line":15,"column":23}},"15":{"start":{"line":16,"column":0},"end":{"line":16,"column":3}},"17":{"start":{"line":18,"column":0},"end":{"line":18,"column":48}},"18":{"start":{"line":19,"column":0},"end":{"line":19,"column":61}},"19":{"start":{"line":20,"column":0},"end":{"line":20,"column":53}},"21":{"start":{"line":22,"column":0},"end":{"line":22,"column":33}},"22":{"start":{"line":23,"column":0},"end":{"line":23,"column":15}},"23":{"start":{"line":24,"column":0},"end":{"line":24,"column":10}},"24":{"start":{"line":25,"column":0},"end":{"line":25,"column":5}},"26":{"start":{"line":27,"column":0},"end":{"line":27,"column":64}},"28":{"start":{"line":29,"column":0},"end":{"line":29,"column":28}},"29":{"start":{"line":30,"column":0},"end":{"line":30,"column":3}},"31":{"start":{"line":32,"column":0},"end":{"line":32,"column":48}},"32":{"start":{"line":33,"column":0},"end":{"line":33,"column":9}},"33":{"start":{"line":34,"column":0},"end":{"line":34,"column":38}},"35":{"start":{"line":36,"column":0},"end":{"line":36,"column":97}},"37":{"start":{"line":38,"column":0},"end":{"line":38,"column":62}},"39":{"start":{"line":40,"column":0},"end":{"line":40,"column":81}},"41":{"start":{"line":42,"column":0},"end":{"line":42,"column":29}},"42":{"start":{"line":43,"column":0},"end":{"line":43,"column":26}},"43":{"start":{"line":44,"column":0},"end":{"line":44,"column":43}},"44":{"start":{"line":45,"column":0},"end":{"line":45,"column":72}},"45":{"start":{"line":46,"column":0},"end":{"line":46,"column":7}},"47":{"start":{"line":48,"column":0},"end":{"line":48,"column":37}},"48":{"start":{"line":49,"column":0},"end":{"line":49,"column":3}},"50":{"start":{"line":51,"column":0},"end":{"line":51,"column":46}},"51":{"start":{"line":52,"column":0},"end":{"line":52,"column":36}},"53":{"start":{"line":54,"column":0},"end":{"line":54,"column":43}},"55":{"start":{"line":56,"column":0},"end":{"line":56,"column":23}},"56":{"start":{"line":57,"column":0},"end":{"line":57,"column":3}},"58":{"start":{"line":59,"column":0},"end":{"line":59,"column":46}},"59":{"start":{"line":60,"column":0},"end":{"line":60,"column":9}},"60":{"start":{"line":61,"column":0},"end":{"line":61,"column":38}},"61":{"start":{"line":62,"column":0},"end":{"line":62,"column":55}},"63":{"start":{"line":64,"column":0},"end":{"line":64,"column":32}},"65":{"start":{"line":66,"column":0},"end":{"line":66,"column":26}},"66":{"start":{"line":67,"column":0},"end":{"line":67,"column":43}},"67":{"start":{"line":68,"column":0},"end":{"line":68,"column":72}},"68":{"start":{"line":69,"column":0},"end":{"line":69,"column":7}},"70":{"start":{"line":71,"column":0},"end":{"line":71,"column":32}},"71":{"start":{"line":72,"column":0},"end":{"line":72,"column":5}},"73":{"start":{"line":74,"column":0},"end":{"line":74,"column":3}},"74":{"start":{"line":75,"column":0},"end":{"line":75,"column":1}}},"s":{"0":0,"2":0,"6":0,"7":0,"8":0,"9":0,"11":0,"12":0,"14":0,"15":0,"17":0,"18":0,"19":0,"21":0,"22":0,"23":0,"24":0,"26":0,"28":0,"29":0,"31":0,"32":0,"33":0,"35":0,"37":0,"39":0,"41":0,"42":0,"43":0,"44":0,"45":0,"47":0,"48":0,"50":0,"51":0,"53":0,"55":0,"56":0,"58":0,"59":0,"60":0,"61":0,"63":0,"65":0,"66":0,"67":0,"68":0,"70":0,"71":0,"73":0,"74":0},"branchMap":{"0":{"type":"branch","line":1,"loc":{"start":{"line":1,"column":2080},"end":{"line":75,"column":1}},"locations":[{"start":{"line":1,"column":2080},"end":{"line":75,"column":1}}]}},"b":{"0":[0]},"fnMap":{"0":{"name":"(empty-report)","decl":{"start":{"line":1,"column":2080},"end":{"line":75,"column":1}},"loc":{"start":{"line":1,"column":2080},"end":{"line":75,"column":1}},"line":1}},"f":{"0":0}}
,"C:\\code\\estudos\\Senac\\2024-02\\Desenvolvimento de Serviços e APIs\\express-api-modelo\\src\\infra\\prisma\\PrismaClient.ts": {"path":"C:\\code\\estudos\\Senac\\2024-02\\Desenvolvimento de Serviços e APIs\\express-api-modelo\\src\\infra\\prisma\\PrismaClient.ts","all":true,"statementMap":{"0":{"start":{"line":1,"column":0},"end":{"line":1,"column":45}},"2":{"start":{"line":3,"column":0},"end":{"line":3,"column":40}}},"s":{"0":0,"2":0},"branchMap":{"0":{"type":"branch","line":1,"loc":{"start":{"line":1,"column":0},"end":{"line":3,"column":-20}},"locations":[{"start":{"line":1,"column":0},"end":{"line":3,"column":-20}}]}},"b":{"0":[0]},"fnMap":{"0":{"name":"(empty-report)","decl":{"start":{"line":1,"column":0},"end":{"line":3,"column":-20}},"loc":{"start":{"line":1,"column":0},"end":{"line":3,"column":-20}},"line":1}},"f":{"0":0}}
,"C:\\code\\estudos\\Senac\\2024-02\\Desenvolvimento de Serviços e APIs\\express-api-modelo\\src\\infra\\routes\\healthcheck.route.ts": {"path":"C:\\code\\estudos\\Senac\\2024-02\\Desenvolvimento de Serviços e APIs\\express-api-modelo\\src\\infra\\routes\\healthcheck.route.ts","all":true,"statementMap":{"0":{"start":{"line":1,"column":0},"end":{"line":1,"column":52}},"2":{"start":{"line":3,"column":0},"end":{"line":3,"column":34}},"4":{"start":{"line":5,"column":0},"end":{"line":5,"column":22}},"5":{"start":{"line":6,"column":0},"end":{"line":6,"column":7}},"6":{"start":{"line":7,"column":0},"end":{"line":7,"column":67}},"7":{"start":{"line":8,"column":0},"end":{"line":8,"column":1}}},"s":{"0":0,"2":0,"4":0,"5":0,"6":0,"7":0},"branchMap":{"0":{"type":"branch","line":1,"loc":{"start":{"line":1,"column":0},"end":{"line":12,"column":-40}},"locations":[{"start":{"line":1,"column":0},"end":{"line":12,"column":-40}}]}},"b":{"0":[0]},"fnMap":{"0":{"name":"(empty-report)","decl":{"start":{"line":1,"column":0},"end":{"line":12,"column":-40}},"loc":{"start":{"line":1,"column":0},"end":{"line":12,"column":-40}},"line":1}},"f":{"0":0}}
,"C:\\code\\estudos\\Senac\\2024-02\\Desenvolvimento de Serviços e APIs\\express-api-modelo\\src\\infra\\routes\\index.ts": {"path":"C:\\code\\estudos\\Senac\\2024-02\\Desenvolvimento de Serviços e APIs\\express-api-modelo\\src\\infra\\routes\\index.ts","all":true,"statementMap":{"0":{"start":{"line":1,"column":0},"end":{"line":1,"column":33}},"1":{"start":{"line":2,"column":0},"end":{"line":2,"column":48}},"2":{"start":{"line":3,"column":0},"end":{"line":3,"column":56}},"4":{"start":{"line":5,"column":0},"end":{"line":5,"column":23}},"6":{"start":{"line":7,"column":0},"end":{"line":7,"column":25}},"7":{"start":{"line":8,"column":0},"end":{"line":8,"column":29}}},"s":{"0":0,"1":0,"2":0,"4":0,"6":0,"7":0},"branchMap":{"0":{"type":"branch","line":1,"loc":{"start":{"line":1,"column":250},"end":{"line":10,"column":18}},"locations":[{"start":{"line":1,"column":250},"end":{"line":10,"column":18}}]}},"b":{"0":[0]},"fnMap":{"0":{"name":"(empty-report)","decl":{"start":{"line":1,"column":250},"end":{"line":10,"column":18}},"loc":{"start":{"line":1,"column":250},"end":{"line":10,"column":18}},"line":1}},"f":{"0":0}}
,"C:\\code\\estudos\\Senac\\2024-02\\Desenvolvimento de Serviços e APIs\\express-api-modelo\\src\\infra\\routes\\product.route.ts": {"path":"C:\\code\\estudos\\Senac\\2024-02\\Desenvolvimento de Serviços e APIs\\express-api-modelo\\src\\infra\\routes\\product.route.ts","all":true,"statementMap":{"0":{"start":{"line":1,"column":0},"end":{"line":1,"column":84}},"1":{"start":{"line":2,"column":0},"end":{"line":2,"column":39}},"2":{"start":{"line":3,"column":0},"end":{"line":3,"column":33}},"3":{"start":{"line":4,"column":0},"end":{"line":4,"column":77}},"4":{"start":{"line":5,"column":0},"end":{"line":5,"column":79}},"6":{"start":{"line":7,"column":0},"end":{"line":7,"column":30}},"8":{"start":{"line":9,"column":0},"end":{"line":9,"column":50}},"9":{"start":{"line":10,"column":0},"end":{"line":10,"column":52}},"11":{"start":{"line":12,"column":0},"end":{"line":12,"column":89}},"12":{"start":{"line":13,"column":0},"end":{"line":13,"column":67}},"13":{"start":{"line":14,"column":0},"end":{"line":14,"column":71}},"14":{"start":{"line":15,"column":0},"end":{"line":15,"column":72}},"15":{"start":{"line":16,"column":0},"end":{"line":16,"column":92}},"16":{"start":{"line":17,"column":0},"end":{"line":17,"column":86}}},"s":{"0":0,"1":0,"2":0,"3":0,"4":0,"6":0,"8":0,"9":0,"11":0,"12":0,"13":0,"14":0,"15":0,"16":0},"branchMap":{"0":{"type":"branch","line":1,"loc":{"start":{"line":1,"column":0},"end":{"line":21,"column":-446}},"locations":[{"start":{"line":1,"column":0},"end":{"line":21,"column":-446}}]}},"b":{"0":[0]},"fnMap":{"0":{"name":"(empty-report)","decl":{"start":{"line":1,"column":0},"end":{"line":21,"column":-446}},"loc":{"start":{"line":1,"column":0},"end":{"line":21,"column":-446}},"line":1}},"f":{"0":0}}
,"C:\\code\\estudos\\Senac\\2024-02\\Desenvolvimento de Serviços e APIs\\express-api-modelo\\src\\shared\\db.ts": {"path":"C:\\code\\estudos\\Senac\\2024-02\\Desenvolvimento de Serviços e APIs\\express-api-modelo\\src\\shared\\db.ts","all":true,"statementMap":{"2":{"start":{"line":3,"column":0},"end":{"line":3,"column":35}},"3":{"start":{"line":4,"column":0},"end":{"line":4,"column":12}},"4":{"start":{"line":5,"column":0},"end":{"line":5,"column":14}},"5":{"start":{"line":6,"column":0},"end":{"line":6,"column":13}},"6":{"start":{"line":7,"column":0},"end":{"line":7,"column":3}},"7":{"start":{"line":8,"column":0},"end":{"line":8,"column":1}}},"s":{"2":0,"3":0,"4":0,"5":0,"6":0,"7":0},"branchMap":{"0":{"type":"branch","line":1,"loc":{"start":{"line":1,"column":146},"end":{"line":8,"column":1}},"locations":[{"start":{"line":1,"column":146},"end":{"line":8,"column":1}}]}},"b":{"0":[1]},"fnMap":{"0":{"name":"(empty-report)","decl":{"start":{"line":1,"column":146},"end":{"line":8,"column":1}},"loc":{"start":{"line":1,"column":146},"end":{"line":8,"column":1}},"line":1}},"f":{"0":1}}
,"C:\\code\\estudos\\Senac\\2024-02\\Desenvolvimento de Serviços e APIs\\express-api-modelo\\src\\shared\\config\\cors.ts": {"path":"C:\\code\\estudos\\Senac\\2024-02\\Desenvolvimento de Serviços e APIs\\express-api-modelo\\src\\shared\\config\\cors.ts","all":true,"statementMap":{"0":{"start":{"line":1,"column":0},"end":{"line":1,"column":50}},"3":{"start":{"line":4,"column":0},"end":{"line":4,"column":40}},"4":{"start":{"line":5,"column":0},"end":{"line":5,"column":27}},"5":{"start":{"line":6,"column":0},"end":{"line":6,"column":1}}},"s":{"0":0,"3":0,"4":0,"5":0},"branchMap":{"0":{"type":"branch","line":1,"loc":{"start":{"line":1,"column":0},"end":{"line":6,"column":-7}},"locations":[{"start":{"line":1,"column":0},"end":{"line":6,"column":-7}}]}},"b":{"0":[0]},"fnMap":{"0":{"name":"(empty-report)","decl":{"start":{"line":1,"column":0},"end":{"line":6,"column":-7}},"loc":{"start":{"line":1,"column":0},"end":{"line":6,"column":-7}},"line":1}},"f":{"0":0}}
,"C:\\code\\estudos\\Senac\\2024-02\\Desenvolvimento de Serviços e APIs\\express-api-modelo\\src\\test\\mock\\prisma.ts": {"path":"C:\\code\\estudos\\Senac\\2024-02\\Desenvolvimento de Serviços e APIs\\express-api-modelo\\src\\test\\mock\\prisma.ts","all":true,"statementMap":{"0":{"start":{"line":1,"column":0},"end":{"line":1,"column":45}},"1":{"start":{"line":2,"column":0},"end":{"line":2,"column":35}},"2":{"start":{"line":3,"column":0},"end":{"line":3,"column":58}},"4":{"start":{"line":5,"column":0},"end":{"line":5,"column":18}},"5":{"start":{"line":6,"column":0},"end":{"line":6,"column":23}},"6":{"start":{"line":7,"column":0},"end":{"line":7,"column":2}},"8":{"start":{"line":9,"column":0},"end":{"line":9,"column":50}}},"s":{"0":0,"1":0,"2":0,"4":0,"5":0,"6":0,"8":0},"branchMap":{"0":{"type":"branch","line":1,"loc":{"start":{"line":1,"column":0},"end":{"line":9,"column":-40}},"locations":[{"start":{"line":1,"column":0},"end":{"line":9,"column":-40}}]}},"b":{"0":[0]},"fnMap":{"0":{"name":"(empty-report)","decl":{"start":{"line":1,"column":0},"end":{"line":9,"column":-40}},"loc":{"start":{"line":1,"column":0},"end":{"line":9,"column":-40}},"line":1}},"f":{"0":0}}
}
